Get compiler version using: gfortran --version
/usr/bin/gfortran
GNU Fortran (Ubuntu 7.5.0-3ubuntu1~18.04) 7.5.0
Copyright (C) 2017 Free Software Foundation, Inc.
This is free software; see the source for copying conditions.  There is NO
warranty; not even for MERCHANTABILITY or FITNESS FOR A PARTICULAR PURPOSE.

<-- compiler version ----

running: check_fortran_compiler
 gfortran -fconvert=big-endian -fimplicit-none -mcmodel=medium -O3 -funroll-loops -c genmake_tcomp.f
 gfortran -fconvert=big-endian -fimplicit-none -mcmodel=medium -O3 -funroll-loops -o genmake_tcomp genmake_tcomp.o -L/usr/lib -lnetcdff -Wl,-Bsymbolic-functions -Wl,-z,relro -Wl,-z,now -lnetcdf -lnetcdf
 ./genmake_tcomp
 hello world :            1
 hello world :            2
 hello world :            3
 --> set FC_CHECK= 5 /5

running: look_for_makedepend()
 --> set MAKEDEPEND=$(TOOLSDIR)/xmakedepend

running: check_HAVE_CLOC()
 running: get_fortran_c_namemangling()
 gcc -O0 -mcmodel=medium -c genmake_test.c
genmake_test.c: In function ‘tcall’:
genmake_test.c:1:31: warning: implicit declaration of function ‘tsub’ [-Wimplicit-function-declaration]
 void tcall( char * string ) { tsub( string ); }
                               ^~~~
 gfortran -fconvert=big-endian -fimplicit-none -mcmodel=medium -c genmake_tcomp.f
 --> set FC_NAMEMANGLE='#define FC_NAMEMANGLE(X)  X ## _'
gcc -O0 -mcmodel=medium -c genmake_tc_1.c
gfortran -fconvert=big-endian -fimplicit-none -mcmodel=medium -o genmake_tc genmake_tc_2.f genmake_tc_1.o
  HELLO WORLD   1639048030.9380600     
 --> set HAVE_CLOC='t'

running: check_HAVE_SETRLSTK()
gcc -O0 -mcmodel=medium -c genmake_tc_1.c
      program hello
      external setrlstk
      call setrlstk()
      end
gfortran -fconvert=big-endian -fimplicit-none -mcmodel=medium -o genmake_tc genmake_tc_2.f genmake_tc_1.o
 --> set HAVE_SETRLSTK='t'

running: check_HAVE_SIGREG()
gcc -O0 -mcmodel=medium -c genmake_tc_1.c
genmake_tc_1.c:11:44: warning: ‘struct ucontext’ declared inside parameter list will not be visible outside of this definition or declaration
     unsigned int sn, siginfo_t  si, struct ucontext *sc )
                                            ^~~~~~~~
      program hello
      integer anint
      common /iv/ anint
      external sigreg
      call sigreg(anint)
      end
gfortran -fconvert=big-endian -fimplicit-none -mcmodel=medium -o genmake_tc genmake_tc_2.f genmake_tc_1.o
 --> set HAVE_SIGREG='t'

running: check_HAVE_STAT()
gcc -O0 -mcmodel=medium -c genmake_tc_1.c
      program hello
      integer nbyte
      call tfsize(nbyte)
      print *," HELLO WORLD", nbyte
      end
gfortran -fconvert=big-endian -fimplicit-none -mcmodel=medium -o genmake_tc genmake_tc_2.f genmake_tc_1.o
 --> set HAVE_STAT='t'

running: check_netcdf_libs()
===  genmake_tnc.F  >>>
      program fgennc
#include "netcdf.inc"
      integer iret, ncid, xid
      iret = nf_create('genmake_tnc.nc', NF_CLOBBER, ncid)
      IF (iret .NE. NF_NOERR) write(*,*) NF_STRERROR(iret)
      iret = nf_def_dim(ncid, 'X', 11, xid)
      IF (iret .NE. NF_NOERR) write(*,*) NF_STRERROR(iret)
      iret = nf_close(ncid)
      IF (iret .NE. NF_NOERR) write(*,*) NF_STRERROR(iret)
      end
<<<  genmake_tnc.F  ===
cat genmake_tnc.F |  cpp -traditional -P -DWORDLENGTH=4 -DNML_TERMINATOR -DHAVE_SYSTEM -DHAVE_FDATE -DHAVE_ETIME_SBR -DHAVE_CLOC -DHAVE_SETRLSTK -DHAVE_SIGREG -DHAVE_STAT -I/usr/include
gfortran  -fconvert=big-endian -fimplicit-none -mcmodel=medium -O3 -funroll-loops -c genmake_tnc.f  \ 
  &&  gfortran  -fconvert=big-endian -fimplicit-none -mcmodel=medium -O3 -funroll-loops -o genmake_tnc.o -L/usr/lib -lnetcdff -Wl,-Bsymbolic-functions -Wl,-z,relro -Wl,-z,now -lnetcdf -lnetcdf
check_netcdf: successful
 --> set HAVE_NETCDF='t'

running: check_HAVE_FLUSH()
  check_HAVE_FLUSH: successful
 --> set HAVE_FLUSH='t'
