This is pdfTeX, Version 3.141592653-2.6-1.40.23 (TeX Live 2021) (preloaded format=pdflatex 2021.10.6)  3 NOV 2021 10:47
entering extended mode
 restricted \write18 enabled.
 %&-line parsing enabled.
**mebdoc.tex
(./mebdoc.tex
LaTeX2e <2021-06-01> patch level 1
L3 programming layer <2021-08-27>
(/home/csys/mbourget/.local/texlive/2021/texmf-dist/tex/latex/base/article.cls
Document Class: article 2021/02/12 v1.4n Standard LaTeX document class
(/home/csys/mbourget/.local/texlive/2021/texmf-dist/tex/latex/base/size12.clo
File: size12.clo 2021/02/12 v1.4n Standard LaTeX file (size option)
)
\c@part=\count182
\c@section=\count183
\c@subsection=\count184
\c@subsubsection=\count185
\c@paragraph=\count186
\c@subparagraph=\count187
\c@figure=\count188
\c@table=\count189
\abovecaptionskip=\skip47
\belowcaptionskip=\skip48
\bibindent=\dimen138
)
(/home/csys/mbourget/.local/texlive/2021/texmf-dist/tex/latex/geometry/geometry
.sty
Package: geometry 2020/01/02 v5.9 Page Geometry

(/home/csys/mbourget/.local/texlive/2021/texmf-dist/tex/latex/graphics/keyval.s
ty
Package: keyval 2014/10/28 v1.15 key=value parser (DPC)
\KV@toks@=\toks16
)
(/home/csys/mbourget/.local/texlive/2021/texmf-dist/tex/generic/iftex/ifvtex.st
y
Package: ifvtex 2019/10/25 v1.7 ifvtex legacy package. Use iftex instead.

(/home/csys/mbourget/.local/texlive/2021/texmf-dist/tex/generic/iftex/iftex.sty
Package: iftex 2020/03/06 v1.0d TeX engine tests
))
\Gm@cnth=\count190
\Gm@cntv=\count191
\c@Gm@tempcnt=\count192
\Gm@bindingoffset=\dimen139
\Gm@wd@mp=\dimen140
\Gm@odd@mp=\dimen141
\Gm@even@mp=\dimen142
\Gm@layoutwidth=\dimen143
\Gm@layoutheight=\dimen144
\Gm@layouthoffset=\dimen145
\Gm@layoutvoffset=\dimen146
\Gm@dimlist=\toks17
)
(/home/csys/mbourget/.local/texlive/2021/texmf-dist/tex/latex/amsmath/amsmath.s
ty
Package: amsmath 2021/04/20 v2.17j AMS math features
\@mathmargin=\skip49

For additional information on amsmath, use the `?' option.

(/home/csys/mbourget/.local/texlive/2021/texmf-dist/tex/latex/amsmath/amstext.s
ty
Package: amstext 2000/06/29 v2.01 AMS text

(/home/csys/mbourget/.local/texlive/2021/texmf-dist/tex/latex/amsmath/amsgen.st
y
File: amsgen.sty 1999/11/30 v2.0 generic functions
\@emptytoks=\toks18
\ex@=\dimen147
))
(/home/csys/mbourget/.local/texlive/2021/texmf-dist/tex/latex/amsmath/amsbsy.st
y
Package: amsbsy 1999/11/29 v1.2d Bold Symbols
\pmbraise@=\dimen148
)
(/home/csys/mbourget/.local/texlive/2021/texmf-dist/tex/latex/amsmath/amsopn.st
y
Package: amsopn 2016/03/08 v2.02 operator names
)
\inf@bad=\count193
LaTeX Info: Redefining \frac on input line 234.
\uproot@=\count194
\leftroot@=\count195
LaTeX Info: Redefining \overline on input line 399.
\classnum@=\count196
\DOTSCASE@=\count197
LaTeX Info: Redefining \ldots on input line 496.
LaTeX Info: Redefining \dots on input line 499.
LaTeX Info: Redefining \cdots on input line 620.
\Mathstrutbox@=\box50
\strutbox@=\box51
\big@size=\dimen149
LaTeX Font Info:    Redeclaring font encoding OML on input line 743.
LaTeX Font Info:    Redeclaring font encoding OMS on input line 744.
\macc@depth=\count198
\c@MaxMatrixCols=\count199
\dotsspace@=\muskip16
\c@parentequation=\count266
\dspbrk@lvl=\count267
\tag@help=\toks19
\row@=\count268
\column@=\count269
\maxfields@=\count270
\andhelp@=\toks20
\eqnshift@=\dimen150
\alignsep@=\dimen151
\tagshift@=\dimen152
\tagwidth@=\dimen153
\totwidth@=\dimen154
\lineht@=\dimen155
\@envbody=\toks21
\multlinegap=\skip50
\multlinetaggap=\skip51
\mathdisplay@stack=\toks22
LaTeX Info: Redefining \[ on input line 2923.
LaTeX Info: Redefining \] on input line 2924.
) (/home/csys/mbourget/.local/texlive/2021/texmf-dist/tex/latex/tools/bm.sty
Package: bm 2021/04/25 v1.2e Bold Symbol Support (DPC/FMi)
\symboldoperators=\mathgroup4
\symboldletters=\mathgroup5
\symboldsymbols=\mathgroup6
Package bm Info: No bold for \OMX/cmex/m/n, using \pmb.
LaTeX Font Info:    Redeclaring math alphabet \mathbf on input line 149.
)
(/home/csys/mbourget/.local/texlive/2021/texmf-dist/tex/latex/natbib/natbib.sty
Package: natbib 2010/09/13 8.31b (PWD, AO)
\bibhang=\skip52
\bibsep=\skip53
LaTeX Info: Redefining \cite on input line 694.
\c@NAT@ctr=\count271
)
(/home/csys/mbourget/.local/texlive/2021/texmf-dist/tex/latex/l3backend/l3backe
nd-pdftex.def
File: l3backend-pdftex.def 2021-08-04 L3 backend support: PDF output (pdfTeX)
\l__color_backend_stack_int=\count272
\l__pdf_internal_box=\box52
)
No file mebdoc.aux.
\openout1 = `mebdoc.aux'.

LaTeX Font Info:    Checking defaults for OML/cmm/m/it on input line 12.
LaTeX Font Info:    ... okay on input line 12.
LaTeX Font Info:    Checking defaults for OMS/cmsy/m/n on input line 12.
LaTeX Font Info:    ... okay on input line 12.
LaTeX Font Info:    Checking defaults for OT1/cmr/m/n on input line 12.
LaTeX Font Info:    ... okay on input line 12.
LaTeX Font Info:    Checking defaults for T1/cmr/m/n on input line 12.
LaTeX Font Info:    ... okay on input line 12.
LaTeX Font Info:    Checking defaults for TS1/cmr/m/n on input line 12.
LaTeX Font Info:    ... okay on input line 12.
LaTeX Font Info:    Checking defaults for OMX/cmex/m/n on input line 12.
LaTeX Font Info:    ... okay on input line 12.
LaTeX Font Info:    Checking defaults for U/cmr/m/n on input line 12.
LaTeX Font Info:    ... okay on input line 12.
*geometry* driver: auto-detecting
*geometry* detected driver: pdftex
*geometry* verbose mode - [ preamble ] result:
* driver: pdftex
* paper: a4paper
* layout: <same size as paper>
* layoutoffset:(h,v)=(0.0pt,0.0pt)
* modes: 
* h-part:(L,W,R)=(81.94394pt, 433.62pt, 81.94394pt)
* v-part:(T,H,B)=(106.75473pt, 578.15999pt, 160.13213pt)
* \paperwidth=597.50787pt
* \paperheight=845.04684pt
* \textwidth=433.62pt
* \textheight=578.15999pt
* \oddsidemargin=9.67395pt
* \evensidemargin=9.67395pt
* \topmargin=-2.51526pt
* \headheight=12.0pt
* \headsep=25.0pt
* \topskip=12.0pt
* \footskip=30.0pt
* \marginparwidth=44.0pt
* \marginparsep=10.0pt
* \columnsep=10.0pt
* \skip\footins=10.8pt plus 4.0pt minus 2.0pt
* \hoffset=0.0pt
* \voffset=0.0pt
* \mag=1000
* \@twocolumnfalse
* \@twosidefalse
* \@mparswitchfalse
* \@reversemarginfalse
* (1in=72.27pt=25.4mm, 1cm=28.453pt)

[1

{/home/csys/mbourget/.local/texlive/2021/texmf-var/fonts/map/pdftex/updmap/pdft
ex.map}]

LaTeX Warning: Reference `eq:vp' on page 2 undefined on input line 45.


LaTeX Warning: Reference `eq:meb' on page 2 undefined on input line 45.

[2] [3]

LaTeX Warning: Reference `eq:p0' on page 4 undefined on input line 119.


LaTeX Warning: Reference `eq:mu' on page 4 undefined on input line 119.

[4]

LaTeX Warning: Reference `eq:lambda' on page 5 undefined on input line 161.


LaTeX Warning: Reference `eq:zeta' on page 5 undefined on input line 161.


LaTeX Warning: Reference `eq:mebplus' on page 5 undefined on input line 178.


LaTeX Warning: Reference `eq:mebminus' on page 5 undefined on input line 178.


LaTeX Warning: Reference `eq:mebplus' on page 5 undefined on input line 178.


LaTeX Warning: Reference `eq:mebminus' on page 5 undefined on input line 178.


LaTeX Warning: Reference `eq:discretizedstress' on page 5 undefined on input li
ne 179.

[5]

LaTeX Warning: Reference `eq:p0' on page 6 undefined on input line 182.


LaTeX Warning: Reference `eq:mu' on page 6 undefined on input line 182.


LaTeX Warning: Reference `eq:muImpEx' on page 6 undefined on input line 182.


LaTeX Warning: Reference `eq:zetaImpEx' on page 6 undefined on input line 182.


LaTeX Warning: Reference `eq:sigma12two' on page 6 undefined on input line 210.



LaTeX Warning: Reference `eq:sigma12twosq' on page 6 undefined on input line 21
0.


LaTeX Warning: Reference `eq:sigma12one' on page 6 undefined on input line 210.



LaTeX Warning: Reference `eq:discretizedstress' on page 6 undefined on input li
ne 216.


Overfull \hbox (3.94429pt too wide) in paragraph at lines 216--217
[]\OT1/cmr/m/n/12 solve mo-men-tum equa-tions for ice ve-loci-tis $\OML/cmm/b/i
t/12 u[]$ \OT1/cmr/m/n/12 with stress com-puted from eq.([]): 
 []

[6]
Overfull \hbox (9.82527pt too wide) in paragraph at lines 224--227
[]\OT1/cmr/m/n/12 S/R [][]\OT1/cmtt/m/n/12 seaice_update_damage[]\OT1/cmr/m/n/1
2 : com-pute crit-i-cal dam-age $	 = [] [] \OMS/cmsy/m/n/12 ^^Y
 []


Package natbib Warning: Citation `dansereau16:_meb' on page 7 undefined on inpu
t line 245.

[7]

LaTeX Warning: Reference `eq:sigma12nC' on page 8 undefined on input line 287.


LaTeX Warning: Reference `eq:sigma12n' on page 8 undefined on input line 287.


Package natbib Warning: There were undefined citations.

[8] (./mebdoc.aux)

LaTeX Warning: There were undefined references.


LaTeX Warning: Label(s) may have changed. Rerun to get cross-references right.

 ) 
Here is how much of TeX's memory you used:
 2113 strings out of 478599
 29532 string characters out of 5846084
 353633 words of memory out of 5000000
 20010 multiletter control sequences out of 15000+600000
 415682 words of font info for 69 fonts, out of 8000000 for 9000
 1141 hyphenation exceptions out of 8191
 57i,17n,66p,443b,308s stack positions out of 5000i,500n,10000p,200000b,80000s
{/home/csys/mbourget/.local/texlive/2021/texmf-dist/fonts/enc/dvips/cm-super/
cm-super-ts1.enc}</home/csys/mbourget/.local/texlive/2021/texmf-dist/fonts/type
1/public/amsfonts/cm/cmbsy10.pfb></home/csys/mbourget/.local/texlive/2021/texmf
-dist/fonts/type1/public/amsfonts/cm/cmbx12.pfb></home/csys/mbourget/.local/tex
live/2021/texmf-dist/fonts/type1/public/amsfonts/cm/cmex10.pfb></home/csys/mbou
rget/.local/texlive/2021/texmf-dist/fonts/type1/public/amsfonts/cm/cmmi12.pfb><
/home/csys/mbourget/.local/texlive/2021/texmf-dist/fonts/type1/public/amsfonts/
cm/cmmi6.pfb></home/csys/mbourget/.local/texlive/2021/texmf-dist/fonts/type1/pu
blic/amsfonts/cm/cmmi8.pfb></home/csys/mbourget/.local/texlive/2021/texmf-dist/
fonts/type1/public/amsfonts/cm/cmmib10.pfb></home/csys/mbourget/.local/texlive/
2021/texmf-dist/fonts/type1/public/amsfonts/cmextra/cmmib8.pfb></home/csys/mbou
rget/.local/texlive/2021/texmf-dist/fonts/type1/public/amsfonts/cm/cmr12.pfb></
home/csys/mbourget/.local/texlive/2021/texmf-dist/fonts/type1/public/amsfonts/c
m/cmr17.pfb></home/csys/mbourget/.local/texlive/2021/texmf-dist/fonts/type1/pub
lic/amsfonts/cm/cmr6.pfb></home/csys/mbourget/.local/texlive/2021/texmf-dist/fo
nts/type1/public/amsfonts/cm/cmr8.pfb></home/csys/mbourget/.local/texlive/2021/
texmf-dist/fonts/type1/public/amsfonts/cm/cmsy10.pfb></home/csys/mbourget/.loca
l/texlive/2021/texmf-dist/fonts/type1/public/amsfonts/cm/cmsy6.pfb></home/csys/
mbourget/.local/texlive/2021/texmf-dist/fonts/type1/public/amsfonts/cm/cmsy8.pf
b></home/csys/mbourget/.local/texlive/2021/texmf-dist/fonts/type1/public/amsfon
ts/cm/cmtt12.pfb></home/csys/mbourget/.local/texlive/2021/texmf-dist/fonts/type
1/public/cm-super/sfrm1200.pfb>
Output written on mebdoc.pdf (8 pages, 193986 bytes).
PDF statistics:
 117 PDF objects out of 1000 (max. 8388607)
 72 compressed objects within 1 object stream
 0 named destinations out of 1000 (max. 500000)
 1 words of extra memory for PDF output out of 10000 (max. 10000000)

